Using pre-set license
Built from '2020.2/staging' branch; Version is '2020.2.5f1 (e2c53f129de5) revision 14861631'; Using compiler version '192528614'; Build Type 'Release'
OS: 'Windows 10 Pro; OS build 19043.985; Version 2009; 64bit' Language: 'en' Physical Memory: 8110 MB
BatchMode: 1, IsHumanControllingUs: 0, StartBugReporterOnCrash: 0, Is64bit: 1, IsPro: 0

 COMMAND LINE ARGUMENTS:
C:\Program Files\Unity\Hub\Editor\2020.2.5f1\Editor\Unity.exe
-adb2
-batchMode
-noUpm
-name
AssetImportWorker0
-projectPath
D:/Game Project - 6th Semester
-logFile
Logs/AssetImportWorker0.log
-srvPort
53898
Successfully changed project path to: D:/Game Project - 6th Semester
D:/Game Project - 6th Semester
Using Asset Import Pipeline V2.
Refreshing native plugins compatible for Editor in 71.76 ms, found 1 plugins.
Preloading 0 native plugins for Editor in 0.00 ms.
Initialize engine version: 2020.2.5f1 (e2c53f129de5)
[Subsystems] Discovering subsystems at path C:/Program Files/Unity/Hub/Editor/2020.2.5f1/Editor/Data/Resources/UnitySubsystems
[Subsystems] Discovering subsystems at path D:/Game Project - 6th Semester/Assets
GfxDevice: creating device client; threaded=0
Direct3D:
    Version:  Direct3D 11.0 [level 11.0]
    Renderer: NVIDIA GeForce 840M (ID=0x1341)
    Vendor:   
    VRAM:     2010 MB
    Driver:   27.21.14.6647
Initialize mono
Mono path[0] = 'C:/Program Files/Unity/Hub/Editor/2020.2.5f1/Editor/Data/Managed'
Mono path[1] = 'C:/Program Files/Unity/Hub/Editor/2020.2.5f1/Editor/Data/MonoBleedingEdge/lib/mono/unityjit'
Mono config path = 'C:/Program Files/Unity/Hub/Editor/2020.2.5f1/Editor/Data/MonoBleedingEdge/etc'
Using monoOptions --debugger-agent=transport=dt_socket,embedding=1,server=y,suspend=n,address=127.0.0.1:56056
Begin MonoManager ReloadAssembly
Registering precompiled unity dll's ...
Register platform support module: C:/Program Files/Unity/Hub/Editor/2020.2.5f1/Editor/Data/PlaybackEngines/MacStandaloneSupport/UnityEditor.OSXStandalone.Extensions.dll
Register platform support module: C:/Program Files/Unity/Hub/Editor/2020.2.5f1/Editor/Data/PlaybackEngines/WindowsStandaloneSupport/UnityEditor.WindowsStandalone.Extensions.dll
Registered in 0.003425 seconds.
Native extension for WindowsStandalone target not found
Native extension for OSXStandalone target not found
Refreshing native plugins compatible for Editor in 85.67 ms, found 1 plugins.
Preloading 0 native plugins for Editor in 0.00 ms.
Invoked RoslynAnalysisRunner static constructor.
RoslynAnalysisRunner will not be running.
RoslynAnalysisRunner has terminated.
Mono: successfully reloaded assembly
- Completed reload, in  1.834 seconds
Platform modules already initialized, skipping
Registering precompiled user dll's ...
Registered in 0.001076 seconds.
Begin MonoManager ReloadAssembly
Native extension for WindowsStandalone target not found
Native extension for OSXStandalone target not found
Refreshing native plugins compatible for Editor in 86.39 ms, found 1 plugins.
Preloading 0 native plugins for Editor in 0.00 ms.
Invoked RoslynAnalysisRunner static constructor.
RoslynAnalysisRunner will not be running.
RoslynAnalysisRunner has terminated.
Mono: successfully reloaded assembly
- Completed reload, in  1.801 seconds
Platform modules already initialized, skipping
========================================================================
Worker process is ready to serve import requests
Launched and connected shader compiler UnityShaderCompiler.exe after 0.06 seconds
Refreshing native plugins compatible for Editor in 0.65 ms, found 1 plugins.
Preloading 0 native plugins for Editor in 0.00 ms.
Unloading 1952 Unused Serialized files (Serialized files now loaded: 0)
System memory in use before: 93.4 MB.
System memory in use after: 93.5 MB.

Unloading 19 unused Assets to reduce memory usage. Loaded Objects now: 2402.
Total: 3.354400 ms (FindLiveObjects: 0.920600 ms CreateObjectMapping: 0.202600 ms MarkObjects: 2.146700 ms  DeleteObjects: 0.082100 ms)

========================================================================
Received Import Request.
  path: Assets/2d-extras-master
  artifactKey: Guid(76911fe49a0bcbc43a01310e6ad99e98) Importer(815301076,1909f56bfc062723c751e8b465ee728b)
Start importing Assets/2d-extras-master using Guid(76911fe49a0bcbc43a01310e6ad99e98) Importer(815301076,1909f56bfc062723c751e8b465ee728b)  -> (artifact id: '752bc3ef7be684a8ff8519093bbf6998') in 0.793589 seconds
  Import took 1.020518 seconds .

========================================================================
Received Import Request.
  Time since last request: 54.706616 seconds.
  path: Assets/Animation
  artifactKey: Guid(4c9cdf3d89d8970418e3e90825671c87) Importer(815301076,1909f56bfc062723c751e8b465ee728b)
Start importing Assets/Animation using Guid(4c9cdf3d89d8970418e3e90825671c87) Importer(815301076,1909f56bfc062723c751e8b465ee728b)  -> (artifact id: '5c367b37dfd723a155a7a5dce2206a53') in 0.011658 seconds
  Import took 0.039205 seconds .

========================================================================
Received Import Request.
  Time since last request: 3.782017 seconds.
  path: Assets/Art
  artifactKey: Guid(b16e7155cb83621439a8a77e1bdb74b9) Importer(815301076,1909f56bfc062723c751e8b465ee728b)
Start importing Assets/Art using Guid(b16e7155cb83621439a8a77e1bdb74b9) Importer(815301076,1909f56bfc062723c751e8b465ee728b)  -> (artifact id: 'cdaf6bd0b9d0afdeab94634b0e8eb415') in 0.010286 seconds
  Import took 0.067470 seconds .

========================================================================
Received Import Request.
  Time since last request: 0.069934 seconds.
  path: Assets/Art/base_out_atlas.png
  artifactKey: Guid(1388bb56547a0d040a0ad0cb9d2586ee) Importer(815301076,1909f56bfc062723c751e8b465ee728b)
Start importing Assets/Art/base_out_atlas.png using Guid(1388bb56547a0d040a0ad0cb9d2586ee) Importer(815301076,1909f56bfc062723c751e8b465ee728b)  -> (artifact id: 'dd1beaa92bd2e5c4c99e92af1119a170') in 0.504334 seconds
  Import took 0.529635 seconds .

========================================================================
Received Import Request.
  Time since last request: 0.000271 seconds.
  path: Assets/Art/chests.png
  artifactKey: Guid(36ab15c1c04a2304eb337f8c849c41b6) Importer(815301076,1909f56bfc062723c751e8b465ee728b)
Start importing Assets/Art/chests.png using Guid(36ab15c1c04a2304eb337f8c849c41b6) Importer(815301076,1909f56bfc062723c751e8b465ee728b)  -> (artifact id: '94675ec05854cf1ab1e434f156757af3') in 0.196393 seconds
  Import took 0.249694 seconds .

========================================================================
Received Import Request.
  Time since last request: 0.000308 seconds.
  path: Assets/Art/tileset.png
  artifactKey: Guid(8cf054f12dc0e1b40aa7ee610fbf11fa) Importer(815301076,1909f56bfc062723c751e8b465ee728b)
Start importing Assets/Art/tileset.png using Guid(8cf054f12dc0e1b40aa7ee610fbf11fa) Importer(815301076,1909f56bfc062723c751e8b465ee728b)  -> (artifact id: '4ed718e4fccefdab48ddfa5d088842dc') in 0.293684 seconds
  Import took 0.331489 seconds .

========================================================================
Received Import Request.
  Time since last request: 0.000260 seconds.
  path: Assets/Art/terrain_atlas.png
  artifactKey: Guid(11554cecf06fcc1418a3e9bc743f9fe7) Importer(815301076,1909f56bfc062723c751e8b465ee728b)
Start importing Assets/Art/terrain_atlas.png using Guid(11554cecf06fcc1418a3e9bc743f9fe7) Importer(815301076,1909f56bfc062723c751e8b465ee728b)  -> (artifact id: 'ee32d93b526b33f105f7ec7358368945') in 2.074171 seconds
  Import took 2.104611 seconds .

========================================================================
Received Import Request.
  Time since last request: 0.000284 seconds.
  path: Assets/Art/WeaponSprites
  artifactKey: Guid(0f1180f6cda68724cbe91e736210c4c3) Importer(815301076,1909f56bfc062723c751e8b465ee728b)
Start importing Assets/Art/WeaponSprites using Guid(0f1180f6cda68724cbe91e736210c4c3) Importer(815301076,1909f56bfc062723c751e8b465ee728b)  -> (artifact id: 'cc269578ab3aa022668607a3173e5467') in 0.007858 seconds
  Import took 0.022321 seconds .

========================================================================
Received Import Request.
  Time since last request: 0.000334 seconds.
  path: Assets/Art/cave3.png
  artifactKey: Guid(8ee854d5fa47e5846a5c4fc1402e4687) Importer(815301076,1909f56bfc062723c751e8b465ee728b)
Start importing Assets/Art/cave3.png using Guid(8ee854d5fa47e5846a5c4fc1402e4687) Importer(815301076,1909f56bfc062723c751e8b465ee728b)  -> (artifact id: '1ec37bf5d34f1aa24d3f2fb2327b3dd0') in 0.591908 seconds
  Import took 0.657708 seconds .

========================================================================
Received Import Request.
  Time since last request: 0.000278 seconds.
  path: Assets/Art/prtotyping tiles.png
  artifactKey: Guid(8f3b0cb25201a664bb942d4f231b205f) Importer(815301076,1909f56bfc062723c751e8b465ee728b)
Start importing Assets/Art/prtotyping tiles.png using Guid(8f3b0cb25201a664bb942d4f231b205f) Importer(815301076,1909f56bfc062723c751e8b465ee728b)  -> (artifact id: 'd1b80ab690b720a11dbc10a44bffbca5') in 0.274011 seconds
  Import took 0.307238 seconds .

========================================================================
Received Import Request.
  Time since last request: 0.758550 seconds.
  path: Assets/Art/UI
  artifactKey: Guid(4dd7e268454e50e418be07b9873bc003) Importer(815301076,1909f56bfc062723c751e8b465ee728b)
Start importing Assets/Art/UI using Guid(4dd7e268454e50e418be07b9873bc003) Importer(815301076,1909f56bfc062723c751e8b465ee728b)  -> (artifact id: '82a46093fd9309431e1ffb8409958ed7') in 0.030088 seconds
  Import took 0.106773 seconds .

========================================================================
Received Import Request.
  Time since last request: 0.000298 seconds.
  path: Assets/Art/UI/Heart.png
  artifactKey: Guid(9a8e023b5e66b0d478386a07d1627765) Importer(815301076,1909f56bfc062723c751e8b465ee728b)
Start importing Assets/Art/UI/Heart.png using Guid(9a8e023b5e66b0d478386a07d1627765) Importer(815301076,1909f56bfc062723c751e8b465ee728b)  -> (artifact id: 'cc6f7c53d13242ebba3fbd4a9223edd6') in 0.041580 seconds
  Import took 0.092958 seconds .

========================================================================
Received Import Request.
  Time since last request: 0.000290 seconds.
  path: Assets/Art/UI/empty_heart.png
  artifactKey: Guid(0fffb616be5688042a630e61e6119429) Importer(815301076,1909f56bfc062723c751e8b465ee728b)
Start importing Assets/Art/UI/empty_heart.png using Guid(0fffb616be5688042a630e61e6119429) Importer(815301076,1909f56bfc062723c751e8b465ee728b)  -> (artifact id: '85045961fe862664d5fb52254604a785') in 0.067529 seconds
  Import took 0.140537 seconds .

========================================================================
Received Import Request.
  Time since last request: 0.000275 seconds.
  path: Assets/Art/UI/Bar.png
  artifactKey: Guid(c8bbd02a88c2bbc41b7d7e50ec7b2aa7) Importer(815301076,1909f56bfc062723c751e8b465ee728b)
Start importing Assets/Art/UI/Bar.png using Guid(c8bbd02a88c2bbc41b7d7e50ec7b2aa7) Importer(815301076,1909f56bfc062723c751e8b465ee728b)  -> (artifact id: 'a6cb9aebc140afbcefa9765baabca1f7') in 0.046533 seconds
  Import took 0.077189 seconds .

========================================================================
Received Import Request.
  Time since last request: 0.000396 seconds.
  path: Assets/Art/UI/half_heart.png
  artifactKey: Guid(9cd1bc617b9bce74489441ada9952aec) Importer(815301076,1909f56bfc062723c751e8b465ee728b)
Start importing Assets/Art/UI/half_heart.png using Guid(9cd1bc617b9bce74489441ada9952aec) Importer(815301076,1909f56bfc062723c751e8b465ee728b)  -> (artifact id: '6208bde81d10e7dd2b11010cc238dd54') in 0.021261 seconds
  Import took 0.080863 seconds .

========================================================================
Received Import Request.
  Time since last request: 0.010976 seconds.
  path: Assets/Art/UI/half_heart.png
  artifactKey: Guid(9cd1bc617b9bce74489441ada9952aec) Importer(815301076,1909f56bfc062723c751e8b465ee728b)
Start importing Assets/Art/UI/half_heart.png using Guid(9cd1bc617b9bce74489441ada9952aec) Importer(815301076,1909f56bfc062723c751e8b465ee728b)  -> (artifact id: '6208bde81d10e7dd2b11010cc238dd54') in 0.035733 seconds
  Import took 0.047558 seconds .

========================================================================
Received Import Request.
  Time since last request: 5.326130 seconds.
  path: Assets/Art/RF_Catacombs_v1.0
  artifactKey: Guid(10f01984acf3d87458073598e7bc2468) Importer(815301076,1909f56bfc062723c751e8b465ee728b)
Start importing Assets/Art/RF_Catacombs_v1.0 using Guid(10f01984acf3d87458073598e7bc2468) Importer(815301076,1909f56bfc062723c751e8b465ee728b)  -> (artifact id: '5a0e532670e3806603e3fb0dd311f89b') in 0.013171 seconds
  Import took 0.058905 seconds .

========================================================================
Received Import Request.
  Time since last request: 0.068409 seconds.
  path: Assets/Art/RF_Catacombs_v1.0/candleA_01.png
  artifactKey: Guid(004f409d3bb912542be6abb06bee9758) Importer(815301076,1909f56bfc062723c751e8b465ee728b)
Start importing Assets/Art/RF_Catacombs_v1.0/candleA_01.png using Guid(004f409d3bb912542be6abb06bee9758) Importer(815301076,1909f56bfc062723c751e8b465ee728b)  -> (artifact id: '40b9bc5716cd8910c3cbc0d9645e7a85') in 0.062073 seconds
  Import took 0.093285 seconds .

========================================================================
Received Import Request.
  Time since last request: 0.000285 seconds.
  path: Assets/Art/RF_Catacombs_v1.0/spike_0.png
  artifactKey: Guid(182e23a225a35a14c9317cfd914393f9) Importer(815301076,1909f56bfc062723c751e8b465ee728b)
Start importing Assets/Art/RF_Catacombs_v1.0/spike_0.png using Guid(182e23a225a35a14c9317cfd914393f9) Importer(815301076,1909f56bfc062723c751e8b465ee728b)  -> (artifact id: 'a426a26f89ea65c265a2b801736a15c7') in 0.028237 seconds
  Import took 0.056069 seconds .

========================================================================
Received Import Request.
  Time since last request: 0.000245 seconds.
  path: Assets/Art/RF_Catacombs_v1.0/spike_4.png
  artifactKey: Guid(11746f0075a2d014abb01dbc4fa74a66) Importer(815301076,1909f56bfc062723c751e8b465ee728b)
Start importing Assets/Art/RF_Catacombs_v1.0/spike_4.png using Guid(11746f0075a2d014abb01dbc4fa74a66) Importer(815301076,1909f56bfc062723c751e8b465ee728b)  -> (artifact id: 'defe9c6e013aee0de60e6140d7b04f85') in 0.048654 seconds
  Import took 0.147291 seconds .

========================================================================
Received Import Request.
  Time since last request: 0.000308 seconds.
  path: Assets/Art/RF_Catacombs_v1.0/torch_3.png
  artifactKey: Guid(35174f8af0244394387e2a0a98183765) Importer(815301076,1909f56bfc062723c751e8b465ee728b)
Start importing Assets/Art/RF_Catacombs_v1.0/torch_3.png using Guid(35174f8af0244394387e2a0a98183765) Importer(815301076,1909f56bfc062723c751e8b465ee728b)  -> (artifact id: '0eee8b8b53f18ddadfbf6a7e6fe1dc8c') in 0.067203 seconds
  Import took 0.078196 seconds .

========================================================================
Received Import Request.
  Time since last request: 0.000267 seconds.
  path: Assets/Art/RF_Catacombs_v1.0/torch_4.png
  artifactKey: Guid(a5b6f956af135ea438be7dbce3976388) Importer(815301076,1909f56bfc062723c751e8b465ee728b)
Start importing Assets/Art/RF_Catacombs_v1.0/torch_4.png using Guid(a5b6f956af135ea438be7dbce3976388) Importer(815301076,1909f56bfc062723c751e8b465ee728b)  -> (artifact id: '3282b932a8564cfb410d9d51d0ab51a1') in 0.049849 seconds
  Import took 0.072168 seconds .

========================================================================
Received Import Request.
  Time since last request: 0.000222 seconds.
  path: Assets/Art/RF_Catacombs_v1.0/spike_1.png
  artifactKey: Guid(509ecf38cf95d6749915867acd8bdeda) Importer(815301076,1909f56bfc062723c751e8b465ee728b)
Start importing Assets/Art/RF_Catacombs_v1.0/spike_1.png using Guid(509ecf38cf95d6749915867acd8bdeda) Importer(815301076,1909f56bfc062723c751e8b465ee728b)  -> (artifact id: 'e645716c59cce78680819036b5c7f892') in 0.054478 seconds
  Import took 0.087111 seconds .

========================================================================
Received Import Request.
  Time since last request: 0.000232 seconds.
  path: Assets/Art/RF_Catacombs_v1.0/spike_3.png
  artifactKey: Guid(8c1b3483d66631a48999d5153f5f6216) Importer(815301076,1909f56bfc062723c751e8b465ee728b)
Start importing Assets/Art/RF_Catacombs_v1.0/spike_3.png using Guid(8c1b3483d66631a48999d5153f5f6216) Importer(815301076,1909f56bfc062723c751e8b465ee728b)  -> (artifact id: 'a8c1fbfcad5b361861413de88c0cae21') in 0.063071 seconds
  Import took 0.099500 seconds .

========================================================================
Received Import Request.
  Time since last request: 0.000247 seconds.
  path: Assets/Art/RF_Catacombs_v1.0/FiS1C12_1x.png
  artifactKey: Guid(11b6bcc2122013b428e1e916330af53d) Importer(815301076,1909f56bfc062723c751e8b465ee728b)
Start importing Assets/Art/RF_Catacombs_v1.0/FiS1C12_1x.png using Guid(11b6bcc2122013b428e1e916330af53d) Importer(815301076,1909f56bfc062723c751e8b465ee728b)  -> (artifact id: 'e0ba4d7f7d95d964e70c7b76fda946b0') in 0.035496 seconds
  Import took 0.068767 seconds .

========================================================================
Received Import Request.
  Time since last request: 0.000253 seconds.
  path: Assets/Art/RF_Catacombs_v1.0/torch_1.png
  artifactKey: Guid(359dcf33fa8ca4b46921ae2b3b783ec6) Importer(815301076,1909f56bfc062723c751e8b465ee728b)
Start importing Assets/Art/RF_Catacombs_v1.0/torch_1.png using Guid(359dcf33fa8ca4b46921ae2b3b783ec6) Importer(815301076,1909f56bfc062723c751e8b465ee728b)  -> (artifact id: 'cec308428588133a57419eb73f25818b') in 0.041673 seconds
  Import took 0.065194 seconds .

========================================================================
Received Import Request.
  Time since last request: 0.000253 seconds.
  path: Assets/Art/RF_Catacombs_v1.0/decorative.png
  artifactKey: Guid(51f8fb90bad6a2a4ab32728dab767034) Importer(815301076,1909f56bfc062723c751e8b465ee728b)
Start importing Assets/Art/RF_Catacombs_v1.0/decorative.png using Guid(51f8fb90bad6a2a4ab32728dab767034) Importer(815301076,1909f56bfc062723c751e8b465ee728b)  -> (artifact id: '1ca7b0657183355abac31862033bc20b') in 0.054089 seconds
  Import took 0.082958 seconds .

========================================================================
Received Import Request.
  Time since last request: 0.000300 seconds.
  path: Assets/Art/RF_Catacombs_v1.0/mainlevbuild.png
  artifactKey: Guid(c161b6ecb94f4704192d3d3c96e2c7fc) Importer(815301076,1909f56bfc062723c751e8b465ee728b)
Start importing Assets/Art/RF_Catacombs_v1.0/mainlevbuild.png using Guid(c161b6ecb94f4704192d3d3c96e2c7fc) Importer(815301076,1909f56bfc062723c751e8b465ee728b)  -> (artifact id: 'd7cddff08ae180f95163bb34df413941') in 0.088281 seconds
  Import took 0.093500 seconds .

========================================================================
Received Import Request.
  Time since last request: 0.000282 seconds.
  path: Assets/Art/RF_Catacombs_v1.0/candleA_04.png
  artifactKey: Guid(f9df07df015fc794183342057ca43a1e) Importer(815301076,1909f56bfc062723c751e8b465ee728b)
Start importing Assets/Art/RF_Catacombs_v1.0/candleA_04.png using Guid(f9df07df015fc794183342057ca43a1e) Importer(815301076,1909f56bfc062723c751e8b465ee728b)  -> (artifact id: '3220258bd1535ea1c3b32f2bb2427fe3') in 0.055796 seconds
  Import took 0.070201 seconds .

========================================================================
Received Import Request.
  Time since last request: 0.000237 seconds.
  path: Assets/Art/RF_Catacombs_v1.0/candleB_04.png
  artifactKey: Guid(d8a89da651b9b3d48a07725f9556960c) Importer(815301076,1909f56bfc062723c751e8b465ee728b)
Start importing Assets/Art/RF_Catacombs_v1.0/candleB_04.png using Guid(d8a89da651b9b3d48a07725f9556960c) Importer(815301076,1909f56bfc062723c751e8b465ee728b)  -> (artifact id: 'e0acc8555373109d9803f2697064935b') in 0.070178 seconds
  Import took 0.082747 seconds .

========================================================================
Received Import Request.
  Time since last request: 0.000239 seconds.
  path: Assets/Art/RF_Catacombs_v1.0/candleB_01.png
  artifactKey: Guid(fe66bd4f07031354da3271f415540a3a) Importer(815301076,1909f56bfc062723c751e8b465ee728b)
Start importing Assets/Art/RF_Catacombs_v1.0/candleB_01.png using Guid(fe66bd4f07031354da3271f415540a3a) Importer(815301076,1909f56bfc062723c751e8b465ee728b)  -> (artifact id: 'cd3ea7d9df4955431096f247b74dc8b3') in 0.040098 seconds
  Import took 0.053116 seconds .

========================================================================
Received Import Request.
  Time since last request: 0.000226 seconds.
  path: Assets/Art/RF_Catacombs_v1.0/candleA_02.png
  artifactKey: Guid(91e83e8fddc489d47b29bc490198ff7c) Importer(815301076,1909f56bfc062723c751e8b465ee728b)
Start importing Assets/Art/RF_Catacombs_v1.0/candleA_02.png using Guid(91e83e8fddc489d47b29bc490198ff7c) Importer(815301076,1909f56bfc062723c751e8b465ee728b)  -> (artifact id: '63301e6486d3ec32966094efe0bcfb23') in 0.061038 seconds
  Import took 0.083369 seconds .

========================================================================
Received Import Request.
  Time since last request: 0.000222 seconds.
  path: Assets/Art/RF_Catacombs_v1.0/candleA_03.png
  artifactKey: Guid(afbab1bba3237664ca1e44c035bf1257) Importer(815301076,1909f56bfc062723c751e8b465ee728b)
Start importing Assets/Art/RF_Catacombs_v1.0/candleA_03.png using Guid(afbab1bba3237664ca1e44c035bf1257) Importer(815301076,1909f56bfc062723c751e8b465ee728b)  -> (artifact id: '3f3d579e83ebcbc37746bf06622c0fc1') in 0.051183 seconds
  Import took 0.064674 seconds .

========================================================================
Received Import Request.
  Time since last request: 0.000254 seconds.
  path: Assets/Art/RF_Catacombs_v1.0/candleB_02.png
  artifactKey: Guid(08e048cd9fecc594ab06bbc77d67a2fe) Importer(815301076,1909f56bfc062723c751e8b465ee728b)
Start importing Assets/Art/RF_Catacombs_v1.0/candleB_02.png using Guid(08e048cd9fecc594ab06bbc77d67a2fe) Importer(815301076,1909f56bfc062723c751e8b465ee728b)  -> (artifact id: '247d35a80b72ca30d11c95d338c680c3') in 0.048440 seconds
  Import took 0.073592 seconds .

========================================================================
Received Import Request.
  Time since last request: 0.000250 seconds.
  path: Assets/Art/RF_Catacombs_v1.0/torch_2.png
  artifactKey: Guid(7fa9cf759f4c8a844bbec9dddedf0546) Importer(815301076,1909f56bfc062723c751e8b465ee728b)
Start importing Assets/Art/RF_Catacombs_v1.0/torch_2.png using Guid(7fa9cf759f4c8a844bbec9dddedf0546) Importer(815301076,1909f56bfc062723c751e8b465ee728b)  -> (artifact id: 'ffcf291853a5c8348931156d69f5ab20') in 0.063512 seconds
  Import took 0.088621 seconds .

========================================================================
Received Import Request.
  Time since last request: 0.000221 seconds.
  path: Assets/Art/RF_Catacombs_v1.0/candleB_03.png
  artifactKey: Guid(ca3dc0a25d3f0d649a25f68d741ff939) Importer(815301076,1909f56bfc062723c751e8b465ee728b)
Start importing Assets/Art/RF_Catacombs_v1.0/candleB_03.png using Guid(ca3dc0a25d3f0d649a25f68d741ff939) Importer(815301076,1909f56bfc062723c751e8b465ee728b)  -> (artifact id: 'ccea4517c147a53213fe8254ee4eb7e8') in 0.076133 seconds
  Import took 0.080750 seconds .

========================================================================
Received Import Request.
  Time since last request: 0.000315 seconds.
  path: Assets/Art/RF_Catacombs_v1.0/spike_2.png
  artifactKey: Guid(24bb2be5d08311b429eec43d0b913f7f) Importer(815301076,1909f56bfc062723c751e8b465ee728b)
Start importing Assets/Art/RF_Catacombs_v1.0/spike_2.png using Guid(24bb2be5d08311b429eec43d0b913f7f) Importer(815301076,1909f56bfc062723c751e8b465ee728b)  -> (artifact id: '49490709c08219f4aae0790be9a31632') in 0.123992 seconds
  Import took 0.147760 seconds .

========================================================================
Received Import Request.
  Time since last request: 58.945591 seconds.
  path: Assets/Art/Enemies
  artifactKey: Guid(1cad927c32dc0ed409224ea6a31c5977) Importer(815301076,1909f56bfc062723c751e8b465ee728b)
Start importing Assets/Art/Enemies using Guid(1cad927c32dc0ed409224ea6a31c5977) Importer(815301076,1909f56bfc062723c751e8b465ee728b)  -> (artifact id: 'cd28545d276ed6f4eb6d3c812a99708a') in 0.011402 seconds
  Import took 0.015821 seconds .

========================================================================
Received Import Request.
  Time since last request: 0.058492 seconds.
  path: Assets/Art/Enemies/DungeonSpider.png
  artifactKey: Guid(b6f02d912de6a0c45b892c955e11fce2) Importer(815301076,1909f56bfc062723c751e8b465ee728b)
Start importing Assets/Art/Enemies/DungeonSpider.png using Guid(b6f02d912de6a0c45b892c955e11fce2) Importer(815301076,1909f56bfc062723c751e8b465ee728b)  -> (artifact id: 'd273bf965577417a0b79a9782537b8ea') in 0.043010 seconds
  Import took 0.059268 seconds .

========================================================================
Received Import Request.
  Time since last request: 0.000260 seconds.
  path: Assets/Art/Enemies/Spider1.png
  artifactKey: Guid(5aee2972d60bb404daf9a8e2bc01aec5) Importer(815301076,1909f56bfc062723c751e8b465ee728b)
Start importing Assets/Art/Enemies/Spider1.png using Guid(5aee2972d60bb404daf9a8e2bc01aec5) Importer(815301076,1909f56bfc062723c751e8b465ee728b)  -> (artifact id: 'd0f4df9fcd74e5d24d2c50041a8aabd4') in 0.050676 seconds
  Import took 0.055621 seconds .

========================================================================
Received Import Request.
  Time since last request: 0.000274 seconds.
  path: Assets/Art/Enemies/Spider Sprite Sheet.png
  artifactKey: Guid(a23e12506421e2e46882c9cc1c23806c) Importer(815301076,1909f56bfc062723c751e8b465ee728b)
Start importing Assets/Art/Enemies/Spider Sprite Sheet.png using Guid(a23e12506421e2e46882c9cc1c23806c) Importer(815301076,1909f56bfc062723c751e8b465ee728b)  -> (artifact id: 'c1eebddb82319ad1d646397f065d1b4b') in 0.226137 seconds
  Import took 0.250996 seconds .

========================================================================
Received Import Request.
  Time since last request: 0.000290 seconds.
  path: Assets/Art/Enemies/slime.png
  artifactKey: Guid(3f1ac8408adda334a81d0db01fc2068b) Importer(815301076,1909f56bfc062723c751e8b465ee728b)
Start importing Assets/Art/Enemies/slime.png using Guid(3f1ac8408adda334a81d0db01fc2068b) Importer(815301076,1909f56bfc062723c751e8b465ee728b)  -> (artifact id: 'fba053d331c7804ceba0ef1af6373590') in 0.034976 seconds
  Import took 0.061538 seconds .

========================================================================
Received Import Request.
  Time since last request: 0.000288 seconds.
  path: Assets/Art/Enemies/Zombie2.png
  artifactKey: Guid(29e37b43feb73724db7f0abebbf5b546) Importer(815301076,1909f56bfc062723c751e8b465ee728b)
Start importing Assets/Art/Enemies/Zombie2.png using Guid(29e37b43feb73724db7f0abebbf5b546) Importer(815301076,1909f56bfc062723c751e8b465ee728b)  -> (artifact id: 'b3cbfc2913d4306a4f2f517e58c99651') in 0.057221 seconds
  Import took 0.109704 seconds .

========================================================================
Received Import Request.
  Time since last request: 0.000261 seconds.
  path: Assets/Art/Enemies/DungeonSpiderIdle.png
  artifactKey: Guid(c6089e01e29035a4da19a35f3088a6ec) Importer(815301076,1909f56bfc062723c751e8b465ee728b)
Start importing Assets/Art/Enemies/DungeonSpiderIdle.png using Guid(c6089e01e29035a4da19a35f3088a6ec) Importer(815301076,1909f56bfc062723c751e8b465ee728b)  -> (artifact id: '1fce067e4e69b6b60ff46b326a6aa557') in 0.113592 seconds
  Import took 0.138220 seconds .

========================================================================
Received Import Request.
  Time since last request: 0.000281 seconds.
  path: Assets/Art/Enemies/Slime1.png
  artifactKey: Guid(bfc60a808fe097247bb00f4ece961668) Importer(815301076,1909f56bfc062723c751e8b465ee728b)
Start importing Assets/Art/Enemies/Slime1.png using Guid(bfc60a808fe097247bb00f4ece961668) Importer(815301076,1909f56bfc062723c751e8b465ee728b)  -> (artifact id: '2944b2143595c5f639a0fb52d0071506') in 0.110771 seconds
  Import took 0.150609 seconds .

========================================================================
Received Import Request.
  Time since last request: 0.000296 seconds.
  path: Assets/Art/Enemies/Spider2.png
  artifactKey: Guid(6ed5b8336bb176f4892fc5d490343016) Importer(815301076,1909f56bfc062723c751e8b465ee728b)
Start importing Assets/Art/Enemies/Spider2.png using Guid(6ed5b8336bb176f4892fc5d490343016) Importer(815301076,1909f56bfc062723c751e8b465ee728b)  -> (artifact id: '5e51cbe191e88b045cd304cd5ec0b1cc') in 0.053431 seconds
  Import took 0.082437 seconds .

========================================================================
Received Import Request.
  Time since last request: 0.000228 seconds.
  path: Assets/Art/Enemies/Zombie1.png
  artifactKey: Guid(8f104a4be0aad1d4abbc3b48b583f92a) Importer(815301076,1909f56bfc062723c751e8b465ee728b)
Start importing Assets/Art/Enemies/Zombie1.png using Guid(8f104a4be0aad1d4abbc3b48b583f92a) Importer(815301076,1909f56bfc062723c751e8b465ee728b)  -> (artifact id: 'ff655b64f52ab4f8399b7c090533c70a') in 0.047083 seconds
  Import took 0.051904 seconds .

========================================================================
Received Import Request.
  Time since last request: 0.000244 seconds.
  path: Assets/Art/Enemies/zombie7.png
  artifactKey: Guid(679c37e1d5fa423499a250310680a533) Importer(815301076,1909f56bfc062723c751e8b465ee728b)
Start importing Assets/Art/Enemies/zombie7.png using Guid(679c37e1d5fa423499a250310680a533) Importer(815301076,1909f56bfc062723c751e8b465ee728b)  -> (artifact id: 'bce4828a10b246a330f360eff960826b') in 0.053796 seconds
  Import took 0.066591 seconds .

========================================================================
Received Import Request.
  Time since last request: 0.000220 seconds.
  path: Assets/Art/Enemies/Slime2.png
  artifactKey: Guid(9279cb728df822d40be767a29d81367e) Importer(815301076,1909f56bfc062723c751e8b465ee728b)
Start importing Assets/Art/Enemies/Slime2.png using Guid(9279cb728df822d40be767a29d81367e) Importer(815301076,1909f56bfc062723c751e8b465ee728b)  -> (artifact id: '9ee71de5270a34e110fe77728949932a') in 0.050360 seconds
  Import took 0.087708 seconds .

========================================================================
Received Import Request.
  Time since last request: 0.483433 seconds.
  path: Assets/Art/Enemies/Boss
  artifactKey: Guid(4bada645347d13746832ba513aabb0da) Importer(815301076,1909f56bfc062723c751e8b465ee728b)
Start importing Assets/Art/Enemies/Boss using Guid(4bada645347d13746832ba513aabb0da) Importer(815301076,1909f56bfc062723c751e8b465ee728b)  -> (artifact id: '20d116045b4c49f6daeb1c6a592c4d87') in 0.076286 seconds
  Import took 0.082392 seconds .

========================================================================
Received Import Request.
  Time since last request: 0.000258 seconds.
  path: Assets/Art/Enemies/Boss/Vulnerable.png
  artifactKey: Guid(6518537def37f614c9d832dd7f4fa6cb) Importer(815301076,1909f56bfc062723c751e8b465ee728b)
Start importing Assets/Art/Enemies/Boss/Vulnerable.png using Guid(6518537def37f614c9d832dd7f4fa6cb) Importer(815301076,1909f56bfc062723c751e8b465ee728b)  -> (artifact id: '2cf2de1d3e02df37716b72a2585dbe29') in 0.077712 seconds
  Import took 0.108872 seconds .

========================================================================
Received Import Request.
  Time since last request: 0.000227 seconds.
  path: Assets/Art/Enemies/Boss/Run.png
  artifactKey: Guid(f63de8c40551d3343a31c02e21c39a76) Importer(815301076,1909f56bfc062723c751e8b465ee728b)
Start importing Assets/Art/Enemies/Boss/Run.png using Guid(f63de8c40551d3343a31c02e21c39a76) Importer(815301076,1909f56bfc062723c751e8b465ee728b)  -> (artifact id: '7b3ad09a2186f1b8f6cab26e6c7dfa77') in 0.116392 seconds
  Import took 0.143734 seconds .

========================================================================
Received Import Request.
  Time since last request: 0.000239 seconds.
  path: Assets/Art/Enemies/Boss/Death.png
  artifactKey: Guid(9b37885839c9fe44bab3c3f1e313f11c) Importer(815301076,1909f56bfc062723c751e8b465ee728b)
Start importing Assets/Art/Enemies/Boss/Death.png using Guid(9b37885839c9fe44bab3c3f1e313f11c) Importer(815301076,1909f56bfc062723c751e8b465ee728b)  -> (artifact id: 'ffe07557459fe24b401ce2d19c6ad6b7') in 0.109362 seconds
  Import took 0.113629 seconds .

========================================================================
Received Import Request.
  Time since last request: 0.000288 seconds.
  path: Assets/Art/Enemies/Boss/RunLeft.png
  artifactKey: Guid(14354b02faafba14d8d42967f3814ec4) Importer(815301076,1909f56bfc062723c751e8b465ee728b)
Start importing Assets/Art/Enemies/Boss/RunLeft.png using Guid(14354b02faafba14d8d42967f3814ec4) Importer(815301076,1909f56bfc062723c751e8b465ee728b)  -> (artifact id: 'd1d65e354a655dc1c6d81b666b2d7884') in 0.094048 seconds
  Import took 0.098268 seconds .

========================================================================
Received Import Request.
  Time since last request: 0.000249 seconds.
  path: Assets/Art/Enemies/Boss/FireProjSpriteSheet.png
  artifactKey: Guid(a2266b0bb66aeeb47bcdc0a77985aa94) Importer(815301076,1909f56bfc062723c751e8b465ee728b)
Start importing Assets/Art/Enemies/Boss/FireProjSpriteSheet.png using Guid(a2266b0bb66aeeb47bcdc0a77985aa94) Importer(815301076,1909f56bfc062723c751e8b465ee728b)  -> (artifact id: '0e98f24430ffa04943d732fb06ceb606') in 0.050052 seconds
  Import took 0.068404 seconds .

========================================================================
Received Import Request.
  Time since last request: 0.000230 seconds.
  path: Assets/Art/Enemies/Boss/Fall.png
  artifactKey: Guid(f50512c68d6fa32428903ba2740be1c7) Importer(815301076,1909f56bfc062723c751e8b465ee728b)
Start importing Assets/Art/Enemies/Boss/Fall.png using Guid(f50512c68d6fa32428903ba2740be1c7) Importer(815301076,1909f56bfc062723c751e8b465ee728b)  -> (artifact id: 'bdecab5586af876be3671254cb43b3f0') in 0.064107 seconds
  Import took 0.082464 seconds .

========================================================================
Received Import Request.
  Time since last request: 0.000224 seconds.
  path: Assets/Art/Enemies/Boss/Jump.png
  artifactKey: Guid(f2c72c8490021dc4c922876ce0b842b3) Importer(815301076,1909f56bfc062723c751e8b465ee728b)
Start importing Assets/Art/Enemies/Boss/Jump.png using Guid(f2c72c8490021dc4c922876ce0b842b3) Importer(815301076,1909f56bfc062723c751e8b465ee728b)  -> (artifact id: '088d3acd39448017c3d6bf6539449610') in 0.086129 seconds
  Import took 0.103199 seconds .

========================================================================
Received Import Request.
  Time since last request: 0.000257 seconds.
  path: Assets/Art/Enemies/Boss/Take hit.png
  artifactKey: Guid(f4f998bbf07722845b677b86439a1609) Importer(815301076,1909f56bfc062723c751e8b465ee728b)
Start importing Assets/Art/Enemies/Boss/Take hit.png using Guid(f4f998bbf07722845b677b86439a1609) Importer(815301076,1909f56bfc062723c751e8b465ee728b)  -> (artifact id: '216359b3f27b815db2e2ce711ee6c8de') in 0.074769 seconds
  Import took 0.120396 seconds .

========================================================================
Received Import Request.
  Time since last request: 0.000256 seconds.
  path: Assets/Art/Enemies/Boss/Idle.png
  artifactKey: Guid(8e7b5e6d9c4576441a521e38c7826d34) Importer(815301076,1909f56bfc062723c751e8b465ee728b)
Start importing Assets/Art/Enemies/Boss/Idle.png using Guid(8e7b5e6d9c4576441a521e38c7826d34) Importer(815301076,1909f56bfc062723c751e8b465ee728b)  -> (artifact id: 'c85d2b531686f661565a6618834dd3f2') in 0.130563 seconds
  Import took 0.143307 seconds .

========================================================================
Received Import Request.
  Time since last request: 2.861054 seconds.
  path: Assets/Gradient
  artifactKey: Guid(92dd0798b14c1c14f9cb0feb7fde06cc) Importer(815301076,1909f56bfc062723c751e8b465ee728b)
Start importing Assets/Gradient using Guid(92dd0798b14c1c14f9cb0feb7fde06cc) Importer(815301076,1909f56bfc062723c751e8b465ee728b)  -> (artifact id: '18ae8239d47e3b5f24ae2652d54147a5') in 0.012751 seconds
  Import took 0.034621 seconds .

========================================================================
Received Import Request.
  Time since last request: 0.055000 seconds.
  path: Assets/Gradient/MenuColor.asset
  artifactKey: Guid(8c175543bfedf3348a14e8f4e77a4e99) Importer(815301076,1909f56bfc062723c751e8b465ee728b)
Start importing Assets/Gradient/MenuColor.asset using Guid(8c175543bfedf3348a14e8f4e77a4e99) Importer(815301076,1909f56bfc062723c751e8b465ee728b)  -> (artifact id: '02b7dfe4eb4ccfb5e2c731cb6833b28e') in 0.035220 seconds
  Import took 0.066217 seconds .

========================================================================
Received Import Request.
  Time since last request: 5.989007 seconds.
  path: Assets/Prefabs
  artifactKey: Guid(ecd41ecd105663241a9c5c8001d1c01c) Importer(815301076,1909f56bfc062723c751e8b465ee728b)
Start importing Assets/Prefabs using Guid(ecd41ecd105663241a9c5c8001d1c01c) Importer(815301076,1909f56bfc062723c751e8b465ee728b)  -> (artifact id: 'bc5e902e9784623d34f342a0cab41555') in 0.009359 seconds
  Import took 0.027397 seconds .

========================================================================
Received Import Request.
  Time since last request: 0.051029 seconds.
  path: Assets/Prefabs/FiredArrow.prefab
  artifactKey: Guid(9906c2e2debde9d4a8087069214f28bb) Importer(815301076,1909f56bfc062723c751e8b465ee728b)
Start importing Assets/Prefabs/FiredArrow.prefab using Guid(9906c2e2debde9d4a8087069214f28bb) Importer(815301076,1909f56bfc062723c751e8b465ee728b)  -> (artifact id: '611e40b877d19a5d39aba19fc89e6f58') in 0.462566 seconds
  Import took 0.489891 seconds .

========================================================================
Received Import Request.
  Time since last request: 0.000289 seconds.
  path: Assets/Prefabs/UI.prefab
  artifactKey: Guid(9228e30ab3ed8b2488f8b2b83cc23e20) Importer(815301076,1909f56bfc062723c751e8b465ee728b)
Start importing Assets/Prefabs/UI.prefab using Guid(9228e30ab3ed8b2488f8b2b83cc23e20) Importer(815301076,1909f56bfc062723c751e8b465ee728b)  -> (artifact id: '683af8c04f5dab45f7dc833e703222ea') in 0.132992 seconds
  Import took 0.152839 seconds .

========================================================================
Received Import Request.
  Time since last request: 0.000294 seconds.
  path: Assets/Prefabs/UI_main.prefab
  artifactKey: Guid(a6277c53f24035c4e8d19a9019be9a0a) Importer(815301076,1909f56bfc062723c751e8b465ee728b)
Start importing Assets/Prefabs/UI_main.prefab using Guid(a6277c53f24035c4e8d19a9019be9a0a) Importer(815301076,1909f56bfc062723c751e8b465ee728b)  -> (artifact id: 'b5bce67c5268998d8b3bc4367f8b3f4c') in 0.089140 seconds
  Import took 0.118295 seconds .

========================================================================
Received Import Request.
  Time since last request: 0.000275 seconds.
  path: Assets/Prefabs/Player.prefab
  artifactKey: Guid(be10d738bdc76574fa3269509f46f405) Importer(815301076,1909f56bfc062723c751e8b465ee728b)
Start importing Assets/Prefabs/Player.prefab using Guid(be10d738bdc76574fa3269509f46f405) Importer(815301076,1909f56bfc062723c751e8b465ee728b)  -> (artifact id: '105c5c1118c715bef8e01799ff459e15') in 0.238642 seconds
  Import took 0.273081 seconds .

========================================================================
Received Import Request.
  Time since last request: 2.566142 seconds.
  path: Assets/Resources
  artifactKey: Guid(ab57ea4442f8259468060cc2b6db9563) Importer(815301076,1909f56bfc062723c751e8b465ee728b)
Start importing Assets/Resources using Guid(ab57ea4442f8259468060cc2b6db9563) Importer(815301076,1909f56bfc062723c751e8b465ee728b)  -> (artifact id: 'c92855d7b5cc48f4ecb7102ae35df846') in 0.047997 seconds
  Import took 0.079433 seconds .

========================================================================
Received Import Request.
  Time since last request: 1.002432 seconds.
  path: Assets/Resources/Prefabs
  artifactKey: Guid(fd5a169c907d30e44a4aeae539942536) Importer(815301076,1909f56bfc062723c751e8b465ee728b)
Start importing Assets/Resources/Prefabs using Guid(fd5a169c907d30e44a4aeae539942536) Importer(815301076,1909f56bfc062723c751e8b465ee728b)  -> (artifact id: '6171f4c2f9f1e6239b913789f9f42de6') in 0.025688 seconds
  Import took 0.030411 seconds .

========================================================================
Received Import Request.
  Time since last request: 0.562995 seconds.
  path: Assets/Resources/Prefabs/Enemies
  artifactKey: Guid(e700be688db28174280bd4640a0638f5) Importer(815301076,1909f56bfc062723c751e8b465ee728b)
Start importing Assets/Resources/Prefabs/Enemies using Guid(e700be688db28174280bd4640a0638f5) Importer(815301076,1909f56bfc062723c751e8b465ee728b)  -> (artifact id: '5c011b17c52b496b965bb3c7a1364284') in 0.003356 seconds
  Import took 0.052066 seconds .

========================================================================
Received Import Request.
  Time since last request: 0.475360 seconds.
  path: Assets/Resources/Prefabs/Enemies/Projectile
  artifactKey: Guid(3847aae0ff658564c958393f7a82107c) Importer(815301076,1909f56bfc062723c751e8b465ee728b)
Start importing Assets/Resources/Prefabs/Enemies/Projectile using Guid(3847aae0ff658564c958393f7a82107c) Importer(815301076,1909f56bfc062723c751e8b465ee728b)  -> (artifact id: '8a9151006006d3fcb3b216ad60788b28') in 0.008977 seconds
  Import took 0.015130 seconds .

========================================================================
Received Import Request.
  Time since last request: 0.001219 seconds.
  path: Assets/Resources/Prefabs/Enemies/Projectile
  artifactKey: Guid(3847aae0ff658564c958393f7a82107c) Importer(815301076,1909f56bfc062723c751e8b465ee728b)
Start importing Assets/Resources/Prefabs/Enemies/Projectile using Guid(3847aae0ff658564c958393f7a82107c) Importer(815301076,1909f56bfc062723c751e8b465ee728b)  -> (artifact id: '8a9151006006d3fcb3b216ad60788b28') in 0.002642 seconds
  Import took 0.008012 seconds .

========================================================================
Received Import Request.
  Time since last request: 0.087108 seconds.
  path: Assets/Resources/Prefabs/Enemies/Projectile/Magic.prefab
  artifactKey: Guid(35d80190996e2724386151958b7dba42) Importer(815301076,1909f56bfc062723c751e8b465ee728b)
Start importing Assets/Resources/Prefabs/Enemies/Projectile/Magic.prefab using Guid(35d80190996e2724386151958b7dba42) Importer(815301076,1909f56bfc062723c751e8b465ee728b) The Animator Controller (Magic) you have used is not valid. Animations will not play
UnityEngine.StackTraceUtility:ExtractStackTrace ()
UnityEditor.EditorUtility:Internal_InstantiateRemoveAllNonAnimationComponentsSingle (UnityEngine.Object,UnityEngine.Vector3,UnityEngine.Quaternion)
UnityEditor.EditorUtility:InstantiateRemoveAllNonAnimationComponents (UnityEngine.Object,UnityEngine.Vector3,UnityEngine.Quaternion)
UnityEditor.EditorUtility:InstantiateForAnimatorPreview (UnityEngine.Object)
UnityEditor.GameObjectInspector/PreviewData:UpdateGameObject (UnityEngine.Object)
UnityEditor.GameObjectInspector/PreviewData:.ctor (UnityEngine.Object)
UnityEditor.GameObjectInspector:GetPreviewData ()
UnityEditor.GameObjectInspector:RenderStaticPreview (string,UnityEngine.Object[],int,int)
UnityEditor.AssetPreviewUpdater:CreatePreviewForAsset (UnityEngine.Object,UnityEngine.Object[],string)

[C:\buildslave\unity\build\Modules/Animation/Director/AnimatorControllerPlayable.cpp line 332]

The Animator Controller (Magic) you have used is not valid. Animations will not play
UnityEngine.StackTraceUtility:ExtractStackTrace ()
UnityEditor.EditorUtility:InitInstantiatedPreviewRecursive (UnityEngine.GameObject)
UnityEditor.EditorUtility:InstantiateForAnimatorPreview (UnityEngine.Object)
UnityEditor.GameObjectInspector/PreviewData:UpdateGameObject (UnityEngine.Object)
UnityEditor.GameObjectInspector/PreviewData:.ctor (UnityEngine.Object)
UnityEditor.GameObjectInspector:GetPreviewData ()
UnityEditor.GameObjectInspector:RenderStaticPreview (string,UnityEngine.Object[],int,int)
UnityEditor.AssetPreviewUpdater:CreatePreviewForAsset (UnityEngine.Object,UnityEngine.Object[],string)

[C:\buildslave\unity\build\Modules/Animation/Director/AnimatorControllerPlayable.cpp line 332]

 -> (artifact id: '62530a92d03d7c01266353a6f79ec770') in 0.150054 seconds
  Import took 0.172468 seconds .

========================================================================
Received Import Request.
  Time since last request: 0.000291 seconds.
  path: Assets/Resources/Prefabs/Enemies/Projectile/Web.prefab
  artifactKey: Guid(19ca977e49c7f4d4cb0b0930c7e35107) Importer(815301076,1909f56bfc062723c751e8b465ee728b)
Start importing Assets/Resources/Prefabs/Enemies/Projectile/Web.prefab using Guid(19ca977e49c7f4d4cb0b0930c7e35107) Importer(815301076,1909f56bfc062723c751e8b465ee728b) Asset 'Web': Transition 'AnyState -> WebShot' in state 'AnyState' doesn't have an Exit Time or any condition, transition will be ignored
UnityEngine.StackTraceUtility:ExtractStackTrace ()
UnityEditor.EditorUtility:Internal_InstantiateRemoveAllNonAnimationComponentsSingle (UnityEngine.Object,UnityEngine.Vector3,UnityEngine.Quaternion)
UnityEditor.EditorUtility:InstantiateRemoveAllNonAnimationComponents (UnityEngine.Object,UnityEngine.Vector3,UnityEngine.Quaternion)
UnityEditor.EditorUtility:InstantiateForAnimatorPreview (UnityEngine.Object)
UnityEditor.GameObjectInspector/PreviewData:UpdateGameObject (UnityEngine.Object)
UnityEditor.GameObjectInspector/PreviewData:.ctor (UnityEngine.Object)
UnityEditor.GameObjectInspector:GetPreviewData ()
UnityEditor.GameObjectInspector:RenderStaticPreview (string,UnityEngine.Object[],int,int)
UnityEditor.AssetPreviewUpdater:CreatePreviewForAsset (UnityEngine.Object,UnityEngine.Object[],string)

[C:\buildslave\unity\build\Editor/Src/Animation/StateMachine.cpp line 1847]

 -> (artifact id: '58c49b02ad4099a3958280b303deccf4') in 0.044552 seconds
  Import took 0.067175 seconds .

========================================================================
Received Import Request.
  Time since last request: 5.438701 seconds.
  path: Assets/Scenes/DungeonRooms
  artifactKey: Guid(674e6acb1d269f94a9a096bebedaf091) Importer(815301076,1909f56bfc062723c751e8b465ee728b)
Start importing Assets/Scenes/DungeonRooms using Guid(674e6acb1d269f94a9a096bebedaf091) Importer(815301076,1909f56bfc062723c751e8b465ee728b)  -> (artifact id: '6a7bcf79e2e3f49608322f0c16c6f859') in 0.012037 seconds
  Import took 0.066610 seconds .

========================================================================
Received Import Request.
  Time since last request: 6.617585 seconds.
  path: Assets/Scripts/CameraController.cs
  artifactKey: Guid(78ea5a735b9e8134bbcba0672cfe6f82) Importer(815301076,1909f56bfc062723c751e8b465ee728b)
Start importing Assets/Scripts/CameraController.cs using Guid(78ea5a735b9e8134bbcba0672cfe6f82) Importer(815301076,1909f56bfc062723c751e8b465ee728b)  -> (artifact id: '8456fb1981f82b2650db6ef0a255d424') in 0.283496 seconds
  Import took 0.316599 seconds .

========================================================================
Received Import Request.
  Time since last request: 0.016437 seconds.
  path: Assets/Scripts/CameraController.cs
  artifactKey: Guid(78ea5a735b9e8134bbcba0672cfe6f82) Importer(815301076,1909f56bfc062723c751e8b465ee728b)
Start importing Assets/Scripts/CameraController.cs using Guid(78ea5a735b9e8134bbcba0672cfe6f82) Importer(815301076,1909f56bfc062723c751e8b465ee728b)  -> (artifact id: '8456fb1981f82b2650db6ef0a255d424') in 0.003460 seconds
  Import took 0.011674 seconds .

========================================================================
Received Import Request.
  Time since last request: 162.951184 seconds.
  path: Assets/SimplePixelUI
  artifactKey: Guid(1b3dba553acbfcc40ab29c5b82f110e2) Importer(815301076,1909f56bfc062723c751e8b465ee728b)
Start importing Assets/SimplePixelUI using Guid(1b3dba553acbfcc40ab29c5b82f110e2) Importer(815301076,1909f56bfc062723c751e8b465ee728b)  -> (artifact id: '603f9fffb8a2b73533a600577f112194') in 0.011269 seconds
  Import took 0.148179 seconds .

========================================================================
Received Import Request.
  Time since last request: 145.635646 seconds.
  path: Assets/SimplePixelUI/update 1.15
  artifactKey: Guid(81a4a79eac8960b4ba1ce2ba4a80c949) Importer(815301076,1909f56bfc062723c751e8b465ee728b)
Start importing Assets/SimplePixelUI/update 1.15 using Guid(81a4a79eac8960b4ba1ce2ba4a80c949) Importer(815301076,1909f56bfc062723c751e8b465ee728b)  -> (artifact id: '112f02b6957f1555aea4859b1ff11047') in 0.113129 seconds
  Import took 0.218877 seconds .

========================================================================
Received Import Request.
  Time since last request: 2.916278 seconds.
  path: Assets/SimplePixelUI/prefabs
  artifactKey: Guid(498dfc90ecb35db479c01f0e6a780c1a) Importer(815301076,1909f56bfc062723c751e8b465ee728b)
Start importing Assets/SimplePixelUI/prefabs using Guid(498dfc90ecb35db479c01f0e6a780c1a) Importer(815301076,1909f56bfc062723c751e8b465ee728b)  -> (artifact id: '3a246a15b9b19cbdb8dc9a9199ad9981') in 0.093316 seconds
  Import took 1.379857 seconds .

========================================================================
Received Import Request.
  Time since last request: 0.426086 seconds.
  path: Assets/SimplePixelUI/fonts
  artifactKey: Guid(162d4da9bc4ab2f41abc92be382336c2) Importer(815301076,1909f56bfc062723c751e8b465ee728b)
Start importing Assets/SimplePixelUI/fonts using Guid(162d4da9bc4ab2f41abc92be382336c2) Importer(815301076,1909f56bfc062723c751e8b465ee728b)  -> (artifact id: '098d2d92d50825a287a3f4ee1122c5c8') in 0.014209 seconds
  Import took 0.553305 seconds .

========================================================================
Received Import Request.
  Time since last request: 0.928688 seconds.
  path: Assets/SimplePixelUI/artwork
  artifactKey: Guid(225de32f8fed06f4ca6486d89d08abe7) Importer(815301076,1909f56bfc062723c751e8b465ee728b)
Start importing Assets/SimplePixelUI/artwork using Guid(225de32f8fed06f4ca6486d89d08abe7) Importer(815301076,1909f56bfc062723c751e8b465ee728b)  -> (artifact id: '533a3e5ca4832da187dac7ec88ff67ae') in 0.876638 seconds
  Import took 2.927230 seconds .

========================================================================
Received Import Request.
  Time since last request: 0.000255 seconds.
  path: Assets/SimplePixelUI/artwork/colorCustomizible
  artifactKey: Guid(a28442795d3458b49a9b4c24c1f84af2) Importer(815301076,1909f56bfc062723c751e8b465ee728b)
Start importing Assets/SimplePixelUI/artwork/colorCustomizible using Guid(a28442795d3458b49a9b4c24c1f84af2) Importer(815301076,1909f56bfc062723c751e8b465ee728b)  -> (artifact id: '57fdc25517ee7d2a54fac6e49c442e76') in 0.151619 seconds
  Import took 0.433798 seconds .

========================================================================
Received Import Request.
  Time since last request: 1.274024 seconds.
  path: Assets/Sound
  artifactKey: Guid(8cfedc3b2b2d8824bbdd27a15451c486) Importer(815301076,1909f56bfc062723c751e8b465ee728b)
Start importing Assets/Sound using Guid(8cfedc3b2b2d8824bbdd27a15451c486) Importer(815301076,1909f56bfc062723c751e8b465ee728b)  -> (artifact id: '5b208ad5be347479c71122b35c709af5') in 0.015022 seconds
  Import took 0.838752 seconds .

========================================================================
Received Import Request.
  Time since last request: 1.835002 seconds.
  path: Assets/Sound/FREE Footsteps System
  artifactKey: Guid(6faa1c9a7b73fdf43a84fcc29a641874) Importer(815301076,1909f56bfc062723c751e8b465ee728b)
Start importing Assets/Sound/FREE Footsteps System using Guid(6faa1c9a7b73fdf43a84fcc29a641874) Importer(815301076,1909f56bfc062723c751e8b465ee728b)  -> (artifact id: '3e3f78df4c30d9047a3616c422b55a3a') in 0.021831 seconds
  Import took 0.451712 seconds .

========================================================================
Received Import Request.
  Time since last request: 42.844815 seconds.
  path: Assets/Sound/RPG Game Music/Dark chamber.ogg
  artifactKey: Guid(236811c068dc62c4ba0214d344f00a9b) Importer(815301076,1909f56bfc062723c751e8b465ee728b)
Start importing Assets/Sound/RPG Game Music/Dark chamber.ogg using Guid(236811c068dc62c4ba0214d344f00a9b) Importer(815301076,1909f56bfc062723c751e8b465ee728b)  -> (artifact id: '096c1f04cdc11329d0ff05457bb651f4') in 2.023996 seconds
  Import took 2.031928 seconds .

========================================================================
Received Import Request.
  Time since last request: 0.000351 seconds.
  path: Assets/Sound/RPG Game Music/Magical Forest.ogg
  artifactKey: Guid(0d09a56c7da313047b4f9bbb1536aa2b) Importer(815301076,1909f56bfc062723c751e8b465ee728b)
Start importing Assets/Sound/RPG Game Music/Magical Forest.ogg using Guid(0d09a56c7da313047b4f9bbb1536aa2b) Importer(815301076,1909f56bfc062723c751e8b465ee728b)  -> (artifact id: '03867c4ae389730bea67f0f67c90f06b') in 0.794785 seconds
  Import took 1.094569 seconds .

========================================================================
Received Import Request.
  Time since last request: 0.000250 seconds.
  path: Assets/Sound/RPG Game Music
  artifactKey: Guid(43a98a7bc3311d646a943064934fca99) Importer(815301076,1909f56bfc062723c751e8b465ee728b)
Start importing Assets/Sound/RPG Game Music using Guid(43a98a7bc3311d646a943064934fca99) Importer(815301076,1909f56bfc062723c751e8b465ee728b)  -> (artifact id: '8d9ace847d7e8e26d6b9eefcd445486f') in 0.981258 seconds
  Import took 1.551422 seconds .

========================================================================
Received Import Request.
  Time since last request: 0.000258 seconds.
  path: Assets/Sound/RPG Game Music/Something is near.ogg
  artifactKey: Guid(b370d7377127178419fdb2e540dafe65) Importer(815301076,1909f56bfc062723c751e8b465ee728b)
Start importing Assets/Sound/RPG Game Music/Something is near.ogg using Guid(b370d7377127178419fdb2e540dafe65) Importer(815301076,1909f56bfc062723c751e8b465ee728b)  -> (artifact id: 'e0f6fab23b13fc2d8750b048c7af959c') in 0.193701 seconds
  Import took 0.198611 seconds .

========================================================================
Received Import Request.
  Time since last request: 0.000266 seconds.
  path: Assets/Sound/RPG Game Music/Intro of Dragons.ogg
  artifactKey: Guid(379c9a2d1ec083e479a56925838e5732) Importer(815301076,1909f56bfc062723c751e8b465ee728b)
Start importing Assets/Sound/RPG Game Music/Intro of Dragons.ogg using Guid(379c9a2d1ec083e479a56925838e5732) Importer(815301076,1909f56bfc062723c751e8b465ee728b)  -> (artifact id: '0fc3db74d97f197a38387f30d4f9843a') in 1.434657 seconds
  Import took 2.059457 seconds .

========================================================================
Received Import Request.
  Time since last request: 0.002059 seconds.
  path: Assets/Sound/RPG Game Music/Medieval Rondo.ogg
  artifactKey: Guid(7c983aad19b85bf45b76972024e2480c) Importer(815301076,1909f56bfc062723c751e8b465ee728b)
Start importing Assets/Sound/RPG Game Music/Medieval Rondo.ogg using Guid(7c983aad19b85bf45b76972024e2480c) Importer(815301076,1909f56bfc062723c751e8b465ee728b)  -> (artifact id: 'f8d14f3765b37e1da26c6eef9ba8f67c') in 0.346788 seconds
  Import took 0.665967 seconds .

========================================================================
Received Import Request.
  Time since last request: 0.000255 seconds.
  path: Assets/Sound/RPG Game Music/Small Epic Intro.ogg
  artifactKey: Guid(74547fb283ae4fb4396c0ed973b6d719) Importer(815301076,1909f56bfc062723c751e8b465ee728b)
Start importing Assets/Sound/RPG Game Music/Small Epic Intro.ogg using Guid(74547fb283ae4fb4396c0ed973b6d719) Importer(815301076,1909f56bfc062723c751e8b465ee728b)  -> (artifact id: '3b71482371fc5c7ee56c743bb286a99b') in 0.582884 seconds
  Import took 0.773187 seconds .

========================================================================
Received Import Request.
  Time since last request: 0.000259 seconds.
  path: Assets/Sound/RPG Game Music/Minuet in D.ogg
  artifactKey: Guid(03f07e59daf8b4544b3048c5d8a6bc63) Importer(815301076,1909f56bfc062723c751e8b465ee728b)
Start importing Assets/Sound/RPG Game Music/Minuet in D.ogg using Guid(03f07e59daf8b4544b3048c5d8a6bc63) Importer(815301076,1909f56bfc062723c751e8b465ee728b)  -> (artifact id: 'be9b909c12f5d974edf005234573a6d7') in 0.381953 seconds
  Import took 1.541238 seconds .

========================================================================
Received Import Request.
  Time since last request: 0.000269 seconds.
  path: Assets/Sound/RPG Game Music/Fame Town.ogg
  artifactKey: Guid(5c4d45eff1b8e1d438a083a69b298e79) Importer(815301076,1909f56bfc062723c751e8b465ee728b)
Start importing Assets/Sound/RPG Game Music/Fame Town.ogg using Guid(5c4d45eff1b8e1d438a083a69b298e79) Importer(815301076,1909f56bfc062723c751e8b465ee728b)  -> (artifact id: 'fc691a71d194d471f74672ea24b24bdc') in 0.343471 seconds
  Import took 0.533651 seconds .

========================================================================
Received Import Request.
  Time since last request: 397.464963 seconds.
  path: Assets/Sound/Sword
  artifactKey: Guid(d743eb47ab7756c4599714677ecdbcc7) Importer(815301076,1909f56bfc062723c751e8b465ee728b)
Start importing Assets/Sound/Sword using Guid(d743eb47ab7756c4599714677ecdbcc7) Importer(815301076,1909f56bfc062723c751e8b465ee728b)  -> (artifact id: 'ba49f39c5fe66b707a6c43576d2f1de3') in 0.054073 seconds
  Import took 0.234122 seconds .

========================================================================
Received Import Request.
  Time since last request: 0.047418 seconds.
  path: Assets/Sound/Sword/zapsplat_sword_heavy_hit.mp3
  artifactKey: Guid(679cbb90485ddf04ba6886ce0f030a15) Importer(815301076,1909f56bfc062723c751e8b465ee728b)
Start importing Assets/Sound/Sword/zapsplat_sword_heavy_hit.mp3 using Guid(679cbb90485ddf04ba6886ce0f030a15) Importer(815301076,1909f56bfc062723c751e8b465ee728b)  -> (artifact id: '23afd99b8b8e7dbb98265cfed3fe1969') in 0.117245 seconds
  Import took 0.135496 seconds .

========================================================================
Received Import Request.
  Time since last request: 0.014029 seconds.
  path: Assets/Sound/Sword/zapsplat_sword_hit.mp3
  artifactKey: Guid(efc81e73309e2474aa82184511df7137) Importer(815301076,1909f56bfc062723c751e8b465ee728b)
Start importing Assets/Sound/Sword/zapsplat_sword_hit.mp3 using Guid(efc81e73309e2474aa82184511df7137) Importer(815301076,1909f56bfc062723c751e8b465ee728b)  -> (artifact id: '6f6213f4f15cd0a037652aeca33548bf') in 0.231832 seconds
  Import took 0.267684 seconds .

========================================================================
Received Import Request.
  Time since last request: 0.098931 seconds.
  path: Assets/Sound/Sword
  artifactKey: Guid(d743eb47ab7756c4599714677ecdbcc7) Importer(815301076,1909f56bfc062723c751e8b465ee728b)
Start importing Assets/Sound/Sword using Guid(d743eb47ab7756c4599714677ecdbcc7) Importer(815301076,1909f56bfc062723c751e8b465ee728b)  -> (artifact id: 'ba49f39c5fe66b707a6c43576d2f1de3') in 0.033794 seconds
  Import took 0.104430 seconds .

========================================================================
Received Import Request.
  Time since last request: 4.024777 seconds.
  path: Assets/TextMesh Pro
  artifactKey: Guid(f54d1bd14bd3ca042bd867b519fee8cc) Importer(815301076,1909f56bfc062723c751e8b465ee728b)
Start importing Assets/TextMesh Pro using Guid(f54d1bd14bd3ca042bd867b519fee8cc) Importer(815301076,1909f56bfc062723c751e8b465ee728b)  -> (artifact id: 'be8cdd793bc772d1263bed7ea4fab192') in 0.063671 seconds
  Import took 0.084575 seconds .

========================================================================
Received Import Request.
  Time since last request: 76.293677 seconds.
  path: Assets/TileMaps
  artifactKey: Guid(860c0b67f645d9b4f947e5002860b632) Importer(815301076,1909f56bfc062723c751e8b465ee728b)
Start importing Assets/TileMaps using Guid(860c0b67f645d9b4f947e5002860b632) Importer(815301076,1909f56bfc062723c751e8b465ee728b)  -> (artifact id: 'c62186569ad45086f20a48f1faa5a16c') in 0.032192 seconds
  Import took 0.053099 seconds .

========================================================================
Received Import Request.
  Time since last request: 3.157615 seconds.
  path: Assets/Tiny RPG Forest
  artifactKey: Guid(77a137e95040aa847a7c868cabf4375d) Importer(815301076,1909f56bfc062723c751e8b465ee728b)
Start importing Assets/Tiny RPG Forest using Guid(77a137e95040aa847a7c868cabf4375d) Importer(815301076,1909f56bfc062723c751e8b465ee728b)  -> (artifact id: '9e64a87b52e1d87b10fa486a58547c4a') in 0.101385 seconds
  Import took 0.160002 seconds .

========================================================================
Received Import Request.
  Time since last request: 0.028597 seconds.
  path: Assets/Tiny RPG Forest
  artifactKey: Guid(77a137e95040aa847a7c868cabf4375d) Importer(815301076,1909f56bfc062723c751e8b465ee728b)
Start importing Assets/Tiny RPG Forest using Guid(77a137e95040aa847a7c868cabf4375d) Importer(815301076,1909f56bfc062723c751e8b465ee728b)  -> (artifact id: '9e64a87b52e1d87b10fa486a58547c4a') in 0.014676 seconds
  Import took 0.020107 seconds .

